0 info it worked if it ends with ok
1 verbose cli [ '/usr/bin/nodejs', '/usr/bin/npm', 'run', 'dev-client' ]
2 info using npm@3.10.10
3 info using node@v6.10.3
4 verbose run-script [ 'predev-client', 'dev-client', 'postdev-client' ]
5 info lifecycle Buzz@1.0.0~predev-client: Buzz@1.0.0
6 silly lifecycle Buzz@1.0.0~predev-client: no script for predev-client, continuing
7 info lifecycle Buzz@1.0.0~dev-client: Buzz@1.0.0
8 verbose lifecycle Buzz@1.0.0~dev-client: unsafe-perm in lifecycle true
9 verbose lifecycle Buzz@1.0.0~dev-client: PATH: /usr/lib/node_modules/npm/bin/node-gyp-bin:/home/ttn/Desktop/oldbuzz/buzz-app/node_modules/.bin:/home/ttn/bin:/home/ttn/.local/bin:/home/ttn/bin:/home/ttn/.local/bin:/usr/local/sbin:/usr/local/bin:/usr/sbin:/usr/bin:/sbin:/bin:/usr/games:/usr/local/games:/snap/bin:/snap/bin
10 verbose lifecycle Buzz@1.0.0~dev-client: CWD: /home/ttn/Desktop/oldbuzz/buzz-app
11 silly lifecycle Buzz@1.0.0~dev-client: Args: [ '-c', 'webpack-dev-server' ]
12 silly lifecycle Buzz@1.0.0~dev-client: Returned: code: 1  signal: null
13 info lifecycle Buzz@1.0.0~dev-client: Failed to exec dev-client script
14 verbose stack Error: Buzz@1.0.0 dev-client: `webpack-dev-server`
14 verbose stack Exit status 1
14 verbose stack     at EventEmitter.<anonymous> (/usr/lib/node_modules/npm/lib/utils/lifecycle.js:255:16)
14 verbose stack     at emitTwo (events.js:106:13)
14 verbose stack     at EventEmitter.emit (events.js:191:7)
14 verbose stack     at ChildProcess.<anonymous> (/usr/lib/node_modules/npm/lib/utils/spawn.js:40:14)
14 verbose stack     at emitTwo (events.js:106:13)
14 verbose stack     at ChildProcess.emit (events.js:191:7)
14 verbose stack     at maybeClose (internal/child_process.js:886:16)
14 verbose stack     at Process.ChildProcess._handle.onexit (internal/child_process.js:226:5)
15 verbose pkgid Buzz@1.0.0
16 verbose cwd /home/ttn/Desktop/oldbuzz/buzz-app
17 error Linux 4.4.0-79-generic
18 error argv "/usr/bin/nodejs" "/usr/bin/npm" "run" "dev-client"
19 error node v6.10.3
20 error npm  v3.10.10
21 error code ELIFECYCLE
22 error Buzz@1.0.0 dev-client: `webpack-dev-server`
22 error Exit status 1
23 error Failed at the Buzz@1.0.0 dev-client script 'webpack-dev-server'.
23 error Make sure you have the latest version of node.js and npm installed.
23 error If you do, this is most likely a problem with the Buzz package,
23 error not with npm itself.
23 error Tell the author that this fails on your system:
23 error     webpack-dev-server
23 error You can get information on how to open an issue for this project with:
23 error     npm bugs Buzz
23 error Or if that isn't available, you can get their info via:
23 error     npm owner ls Buzz
23 error There is likely additional logging output above.
24 verbose exit [ 1, true ]
